C:\USERS\VIETNAMSON\ONEDRIVE\DESKTOP\CHUONG 22 - CAC THUAT TOAN SAP XEP\CAC THUAT TOAN SAP XEP-VIETNAMSON\CảI TIếN ĐO THờI GIAN\DEBUG\SOURCE.OBJ
C:\USERS\VIETNAMSON\ONEDRIVE\DESKTOP\CHUONG 22 - CAC THUAT TOAN SAP XEP\CAC THUAT TOAN SAP XEP-VIETNAMSON\CẢI TIẾN ĐO THỜI GIAN\DEBUG\VC110.PDB
C:\USERS\VIETNAMSON\ONEDRIVE\DESKTOP\CHUONG 22 - CAC THUAT TOAN SAP XEP\CAC THUAT TOAN SAP XEP-VIETNAMSON\DEBUG\CảI TIếN ĐO THờI GIAN.ILK
C:\USERS\VIETNAMSON\ONEDRIVE\DESKTOP\CHUONG 22 - CAC THUAT TOAN SAP XEP\CAC THUAT TOAN SAP XEP-VIETNAMSON\DEBUG\CảI TIếN ĐO THờI GIAN.EXE
C:\USERS\VIETNAMSON\ONEDRIVE\DESKTOP\CHUONG 22 - CAC THUAT TOAN SAP XEP\CAC THUAT TOAN SAP XEP-VIETNAMSON\DEBUG\CẢI TIẾN ĐO THỜI GIAN.PDB
C:\Users\VietNamSon\OneDrive\Desktop\Chuong 22 - Cac Thuat Toan Sap Xep\Cac Thuat Toan Sap Xep-VietNamSon\Cải Tiến Đo Thời Gian\Debug\cl.command.1.tlog
C:\Users\VietNamSon\OneDrive\Desktop\Chuong 22 - Cac Thuat Toan Sap Xep\Cac Thuat Toan Sap Xep-VietNamSon\Cải Tiến Đo Thời Gian\Debug\CL.read.1.tlog
C:\Users\VietNamSon\OneDrive\Desktop\Chuong 22 - Cac Thuat Toan Sap Xep\Cac Thuat Toan Sap Xep-VietNamSon\Cải Tiến Đo Thời Gian\Debug\CL.write.1.tlog
C:\Users\VietNamSon\OneDrive\Desktop\Chuong 22 - Cac Thuat Toan Sap Xep\Cac Thuat Toan Sap Xep-VietNamSon\Cải Tiến Đo Thời Gian\Debug\link-cvtres.read.1.tlog
C:\Users\VietNamSon\OneDrive\Desktop\Chuong 22 - Cac Thuat Toan Sap Xep\Cac Thuat Toan Sap Xep-VietNamSon\Cải Tiến Đo Thời Gian\Debug\link-cvtres.write.1.tlog
C:\Users\VietNamSon\OneDrive\Desktop\Chuong 22 - Cac Thuat Toan Sap Xep\Cac Thuat Toan Sap Xep-VietNamSon\Cải Tiến Đo Thời Gian\Debug\link-rc.read.1.tlog
C:\Users\VietNamSon\OneDrive\Desktop\Chuong 22 - Cac Thuat Toan Sap Xep\Cac Thuat Toan Sap Xep-VietNamSon\Cải Tiến Đo Thời Gian\Debug\link-rc.write.1.tlog
C:\Users\VietNamSon\OneDrive\Desktop\Chuong 22 - Cac Thuat Toan Sap Xep\Cac Thuat Toan Sap Xep-VietNamSon\Cải Tiến Đo Thời Gian\Debug\link.14680-cvtres.read.1.tlog
C:\Users\VietNamSon\OneDrive\Desktop\Chuong 22 - Cac Thuat Toan Sap Xep\Cac Thuat Toan Sap Xep-VietNamSon\Cải Tiến Đo Thời Gian\Debug\link.14680-cvtres.write.1.tlog
C:\Users\VietNamSon\OneDrive\Desktop\Chuong 22 - Cac Thuat Toan Sap Xep\Cac Thuat Toan Sap Xep-VietNamSon\Cải Tiến Đo Thời Gian\Debug\link.14680-rc.read.1.tlog
C:\Users\VietNamSon\OneDrive\Desktop\Chuong 22 - Cac Thuat Toan Sap Xep\Cac Thuat Toan Sap Xep-VietNamSon\Cải Tiến Đo Thời Gian\Debug\link.14680-rc.write.1.tlog
C:\Users\VietNamSon\OneDrive\Desktop\Chuong 22 - Cac Thuat Toan Sap Xep\Cac Thuat Toan Sap Xep-VietNamSon\Cải Tiến Đo Thời Gian\Debug\link.14680.read.1.tlog
C:\Users\VietNamSon\OneDrive\Desktop\Chuong 22 - Cac Thuat Toan Sap Xep\Cac Thuat Toan Sap Xep-VietNamSon\Cải Tiến Đo Thời Gian\Debug\link.14680.write.1.tlog
C:\Users\VietNamSon\OneDrive\Desktop\Chuong 22 - Cac Thuat Toan Sap Xep\Cac Thuat Toan Sap Xep-VietNamSon\Cải Tiến Đo Thời Gian\Debug\link.16224-cvtres.read.1.tlog
C:\Users\VietNamSon\OneDrive\Desktop\Chuong 22 - Cac Thuat Toan Sap Xep\Cac Thuat Toan Sap Xep-VietNamSon\Cải Tiến Đo Thời Gian\Debug\link.16224-cvtres.write.1.tlog
C:\Users\VietNamSon\OneDrive\Desktop\Chuong 22 - Cac Thuat Toan Sap Xep\Cac Thuat Toan Sap Xep-VietNamSon\Cải Tiến Đo Thời Gian\Debug\link.16224-rc.read.1.tlog
C:\Users\VietNamSon\OneDrive\Desktop\Chuong 22 - Cac Thuat Toan Sap Xep\Cac Thuat Toan Sap Xep-VietNamSon\Cải Tiến Đo Thời Gian\Debug\link.16224-rc.write.1.tlog
C:\Users\VietNamSon\OneDrive\Desktop\Chuong 22 - Cac Thuat Toan Sap Xep\Cac Thuat Toan Sap Xep-VietNamSon\Cải Tiến Đo Thời Gian\Debug\link.16224.read.1.tlog
C:\Users\VietNamSon\OneDrive\Desktop\Chuong 22 - Cac Thuat Toan Sap Xep\Cac Thuat Toan Sap Xep-VietNamSon\Cải Tiến Đo Thời Gian\Debug\link.16224.write.1.tlog
C:\Users\VietNamSon\OneDrive\Desktop\Chuong 22 - Cac Thuat Toan Sap Xep\Cac Thuat Toan Sap Xep-VietNamSon\Cải Tiến Đo Thời Gian\Debug\link.19272-cvtres.read.1.tlog
C:\Users\VietNamSon\OneDrive\Desktop\Chuong 22 - Cac Thuat Toan Sap Xep\Cac Thuat Toan Sap Xep-VietNamSon\Cải Tiến Đo Thời Gian\Debug\link.19272-cvtres.write.1.tlog
C:\Users\VietNamSon\OneDrive\Desktop\Chuong 22 - Cac Thuat Toan Sap Xep\Cac Thuat Toan Sap Xep-VietNamSon\Cải Tiến Đo Thời Gian\Debug\link.19272-rc.read.1.tlog
C:\Users\VietNamSon\OneDrive\Desktop\Chuong 22 - Cac Thuat Toan Sap Xep\Cac Thuat Toan Sap Xep-VietNamSon\Cải Tiến Đo Thời Gian\Debug\link.19272-rc.write.1.tlog
C:\Users\VietNamSon\OneDrive\Desktop\Chuong 22 - Cac Thuat Toan Sap Xep\Cac Thuat Toan Sap Xep-VietNamSon\Cải Tiến Đo Thời Gian\Debug\link.19272.read.1.tlog
C:\Users\VietNamSon\OneDrive\Desktop\Chuong 22 - Cac Thuat Toan Sap Xep\Cac Thuat Toan Sap Xep-VietNamSon\Cải Tiến Đo Thời Gian\Debug\link.19272.write.1.tlog
C:\Users\VietNamSon\OneDrive\Desktop\Chuong 22 - Cac Thuat Toan Sap Xep\Cac Thuat Toan Sap Xep-VietNamSon\Cải Tiến Đo Thời Gian\Debug\link.2984-cvtres.read.1.tlog
C:\Users\VietNamSon\OneDrive\Desktop\Chuong 22 - Cac Thuat Toan Sap Xep\Cac Thuat Toan Sap Xep-VietNamSon\Cải Tiến Đo Thời Gian\Debug\link.2984-cvtres.write.1.tlog
C:\Users\VietNamSon\OneDrive\Desktop\Chuong 22 - Cac Thuat Toan Sap Xep\Cac Thuat Toan Sap Xep-VietNamSon\Cải Tiến Đo Thời Gian\Debug\link.2984-rc.read.1.tlog
C:\Users\VietNamSon\OneDrive\Desktop\Chuong 22 - Cac Thuat Toan Sap Xep\Cac Thuat Toan Sap Xep-VietNamSon\Cải Tiến Đo Thời Gian\Debug\link.2984-rc.write.1.tlog
C:\Users\VietNamSon\OneDrive\Desktop\Chuong 22 - Cac Thuat Toan Sap Xep\Cac Thuat Toan Sap Xep-VietNamSon\Cải Tiến Đo Thời Gian\Debug\link.2984.read.1.tlog
C:\Users\VietNamSon\OneDrive\Desktop\Chuong 22 - Cac Thuat Toan Sap Xep\Cac Thuat Toan Sap Xep-VietNamSon\Cải Tiến Đo Thời Gian\Debug\link.2984.write.1.tlog
C:\Users\VietNamSon\OneDrive\Desktop\Chuong 22 - Cac Thuat Toan Sap Xep\Cac Thuat Toan Sap Xep-VietNamSon\Cải Tiến Đo Thời Gian\Debug\link.command.1.tlog
C:\Users\VietNamSon\OneDrive\Desktop\Chuong 22 - Cac Thuat Toan Sap Xep\Cac Thuat Toan Sap Xep-VietNamSon\Cải Tiến Đo Thời Gian\Debug\link.read.1.tlog
C:\Users\VietNamSon\OneDrive\Desktop\Chuong 22 - Cac Thuat Toan Sap Xep\Cac Thuat Toan Sap Xep-VietNamSon\Cải Tiến Đo Thời Gian\Debug\link.write.1.tlog
C:\Users\VietNamSon\OneDrive\Desktop\Chuong 22 - Cac Thuat Toan Sap Xep\Cac Thuat Toan Sap Xep-VietNamSon\Cải Tiến Đo Thời Gian\Debug\vc110.idb
