C:\USERS\VIETNAMSON\ONEDRIVE\DESKTOP\CHUONG 22 - CAC THUAT TOAN SAP XEP\CAC THUAT TOAN SAP XEP-VIETNAMSON\SHAKER SORT\DEBUG\SOURCE.OBJ
C:\USERS\VIETNAMSON\ONEDRIVE\DESKTOP\CHUONG 22 - CAC THUAT TOAN SAP XEP\CAC THUAT TOAN SAP XEP-VIETNAMSON\SHAKER SORT\DEBUG\VC110.PDB
C:\USERS\VIETNAMSON\ONEDRIVE\DESKTOP\CHUONG 22 - CAC THUAT TOAN SAP XEP\CAC THUAT TOAN SAP XEP-VIETNAMSON\DEBUG\SHAKER SORT.ILK
C:\USERS\VIETNAMSON\ONEDRIVE\DESKTOP\CHUONG 22 - CAC THUAT TOAN SAP XEP\CAC THUAT TOAN SAP XEP-VIETNAMSON\DEBUG\SHAKER SORT.EXE
C:\USERS\VIETNAMSON\ONEDRIVE\DESKTOP\CHUONG 22 - CAC THUAT TOAN SAP XEP\CAC THUAT TOAN SAP XEP-VIETNAMSON\DEBUG\SHAKER SORT.PDB
C:\Users\VietNamSon\OneDrive\Desktop\Chuong 22 - Cac Thuat Toan Sap Xep\Cac Thuat Toan Sap Xep-VietNamSon\Shaker Sort\Debug\Source.obj
C:\Users\VietNamSon\OneDrive\Desktop\Chuong 22 - Cac Thuat Toan Sap Xep\Cac Thuat Toan Sap Xep-VietNamSon\Shaker Sort\Debug\cl.command.1.tlog
C:\Users\VietNamSon\OneDrive\Desktop\Chuong 22 - Cac Thuat Toan Sap Xep\Cac Thuat Toan Sap Xep-VietNamSon\Shaker Sort\Debug\CL.read.1.tlog
C:\Users\VietNamSon\OneDrive\Desktop\Chuong 22 - Cac Thuat Toan Sap Xep\Cac Thuat Toan Sap Xep-VietNamSon\Shaker Sort\Debug\CL.write.1.tlog
C:\Users\VietNamSon\OneDrive\Desktop\Chuong 22 - Cac Thuat Toan Sap Xep\Cac Thuat Toan Sap Xep-VietNamSon\Shaker Sort\Debug\link-cvtres.read.1.tlog
C:\Users\VietNamSon\OneDrive\Desktop\Chuong 22 - Cac Thuat Toan Sap Xep\Cac Thuat Toan Sap Xep-VietNamSon\Shaker Sort\Debug\link-cvtres.write.1.tlog
C:\Users\VietNamSon\OneDrive\Desktop\Chuong 22 - Cac Thuat Toan Sap Xep\Cac Thuat Toan Sap Xep-VietNamSon\Shaker Sort\Debug\link-rc.read.1.tlog
C:\Users\VietNamSon\OneDrive\Desktop\Chuong 22 - Cac Thuat Toan Sap Xep\Cac Thuat Toan Sap Xep-VietNamSon\Shaker Sort\Debug\link-rc.write.1.tlog
C:\Users\VietNamSon\OneDrive\Desktop\Chuong 22 - Cac Thuat Toan Sap Xep\Cac Thuat Toan Sap Xep-VietNamSon\Shaker Sort\Debug\link.command.1.tlog
C:\Users\VietNamSon\OneDrive\Desktop\Chuong 22 - Cac Thuat Toan Sap Xep\Cac Thuat Toan Sap Xep-VietNamSon\Shaker Sort\Debug\link.read.1.tlog
C:\Users\VietNamSon\OneDrive\Desktop\Chuong 22 - Cac Thuat Toan Sap Xep\Cac Thuat Toan Sap Xep-VietNamSon\Shaker Sort\Debug\link.write.1.tlog
C:\Users\VietNamSon\OneDrive\Desktop\Chuong 22 - Cac Thuat Toan Sap Xep\Cac Thuat Toan Sap Xep-VietNamSon\Shaker Sort\Debug\vc110.idb
C:\Users\VietNamSon\OneDrive\Desktop\Chuong 22 - Cac Thuat Toan Sap Xep\Cac Thuat Toan Sap Xep-VietNamSon\Shaker Sort\Debug\vc110.pdb
C:\Users\VietNamSon\OneDrive\Desktop\Chuong 22 - Cac Thuat Toan Sap Xep\Cac Thuat Toan Sap Xep-VietNamSon\Debug\Shaker Sort.pdb
C:\Users\VietNamSon\OneDrive\Desktop\Chuong 22 - Cac Thuat Toan Sap Xep\Cac Thuat Toan Sap Xep-VietNamSon\Debug\Shaker Sort.exe
C:\Users\VietNamSon\OneDrive\Desktop\Chuong 22 - Cac Thuat Toan Sap Xep\Cac Thuat Toan Sap Xep-VietNamSon\Debug\Shaker Sort.ilk
