C:\USERS\VIETNAMSON\ONEDRIVE\DESKTOP\CHUONG 22 - CAC THUAT TOAN SAP XEP\CAC THUAT TOAN SAP XEP-VIETNAMSON\Sử DụNG Đệ QUY\DEBUG\SOURCE.OBJ
C:\USERS\VIETNAMSON\ONEDRIVE\DESKTOP\CHUONG 22 - CAC THUAT TOAN SAP XEP\CAC THUAT TOAN SAP XEP-VIETNAMSON\SỬ DỤNG ĐỆ QUY\DEBUG\VC110.PDB
C:\USERS\VIETNAMSON\ONEDRIVE\DESKTOP\CHUONG 22 - CAC THUAT TOAN SAP XEP\CAC THUAT TOAN SAP XEP-VIETNAMSON\DEBUG\Sử DụNG Đệ QUY.ILK
C:\USERS\VIETNAMSON\ONEDRIVE\DESKTOP\CHUONG 22 - CAC THUAT TOAN SAP XEP\CAC THUAT TOAN SAP XEP-VIETNAMSON\DEBUG\Sử DụNG Đệ QUY.EXE
C:\USERS\VIETNAMSON\ONEDRIVE\DESKTOP\CHUONG 22 - CAC THUAT TOAN SAP XEP\CAC THUAT TOAN SAP XEP-VIETNAMSON\DEBUG\SỬ DỤNG ĐỆ QUY.PDB
C:\Users\VietNamSon\OneDrive\Desktop\Chuong 22 - Cac Thuat Toan Sap Xep\Cac Thuat Toan Sap Xep-VietNamSon\Sử dụng Đệ Quy\Debug\Source.obj
C:\Users\VietNamSon\OneDrive\Desktop\Chuong 22 - Cac Thuat Toan Sap Xep\Cac Thuat Toan Sap Xep-VietNamSon\Sử dụng Đệ Quy\Debug\cl.command.1.tlog
C:\Users\VietNamSon\OneDrive\Desktop\Chuong 22 - Cac Thuat Toan Sap Xep\Cac Thuat Toan Sap Xep-VietNamSon\Sử dụng Đệ Quy\Debug\CL.read.1.tlog
C:\Users\VietNamSon\OneDrive\Desktop\Chuong 22 - Cac Thuat Toan Sap Xep\Cac Thuat Toan Sap Xep-VietNamSon\Sử dụng Đệ Quy\Debug\CL.write.1.tlog
C:\Users\VietNamSon\OneDrive\Desktop\Chuong 22 - Cac Thuat Toan Sap Xep\Cac Thuat Toan Sap Xep-VietNamSon\Sử dụng Đệ Quy\Debug\link-cvtres.read.1.tlog
C:\Users\VietNamSon\OneDrive\Desktop\Chuong 22 - Cac Thuat Toan Sap Xep\Cac Thuat Toan Sap Xep-VietNamSon\Sử dụng Đệ Quy\Debug\link-cvtres.write.1.tlog
C:\Users\VietNamSon\OneDrive\Desktop\Chuong 22 - Cac Thuat Toan Sap Xep\Cac Thuat Toan Sap Xep-VietNamSon\Sử dụng Đệ Quy\Debug\link-rc.read.1.tlog
C:\Users\VietNamSon\OneDrive\Desktop\Chuong 22 - Cac Thuat Toan Sap Xep\Cac Thuat Toan Sap Xep-VietNamSon\Sử dụng Đệ Quy\Debug\link-rc.write.1.tlog
C:\Users\VietNamSon\OneDrive\Desktop\Chuong 22 - Cac Thuat Toan Sap Xep\Cac Thuat Toan Sap Xep-VietNamSon\Sử dụng Đệ Quy\Debug\link.12080-cvtres.read.1.tlog
C:\Users\VietNamSon\OneDrive\Desktop\Chuong 22 - Cac Thuat Toan Sap Xep\Cac Thuat Toan Sap Xep-VietNamSon\Sử dụng Đệ Quy\Debug\link.12080-cvtres.write.1.tlog
C:\Users\VietNamSon\OneDrive\Desktop\Chuong 22 - Cac Thuat Toan Sap Xep\Cac Thuat Toan Sap Xep-VietNamSon\Sử dụng Đệ Quy\Debug\link.12080-rc.read.1.tlog
C:\Users\VietNamSon\OneDrive\Desktop\Chuong 22 - Cac Thuat Toan Sap Xep\Cac Thuat Toan Sap Xep-VietNamSon\Sử dụng Đệ Quy\Debug\link.12080-rc.write.1.tlog
C:\Users\VietNamSon\OneDrive\Desktop\Chuong 22 - Cac Thuat Toan Sap Xep\Cac Thuat Toan Sap Xep-VietNamSon\Sử dụng Đệ Quy\Debug\link.12080.read.1.tlog
C:\Users\VietNamSon\OneDrive\Desktop\Chuong 22 - Cac Thuat Toan Sap Xep\Cac Thuat Toan Sap Xep-VietNamSon\Sử dụng Đệ Quy\Debug\link.12080.write.1.tlog
C:\Users\VietNamSon\OneDrive\Desktop\Chuong 22 - Cac Thuat Toan Sap Xep\Cac Thuat Toan Sap Xep-VietNamSon\Sử dụng Đệ Quy\Debug\link.13912-cvtres.read.1.tlog
C:\Users\VietNamSon\OneDrive\Desktop\Chuong 22 - Cac Thuat Toan Sap Xep\Cac Thuat Toan Sap Xep-VietNamSon\Sử dụng Đệ Quy\Debug\link.13912-cvtres.write.1.tlog
C:\Users\VietNamSon\OneDrive\Desktop\Chuong 22 - Cac Thuat Toan Sap Xep\Cac Thuat Toan Sap Xep-VietNamSon\Sử dụng Đệ Quy\Debug\link.13912-rc.read.1.tlog
C:\Users\VietNamSon\OneDrive\Desktop\Chuong 22 - Cac Thuat Toan Sap Xep\Cac Thuat Toan Sap Xep-VietNamSon\Sử dụng Đệ Quy\Debug\link.13912-rc.write.1.tlog
C:\Users\VietNamSon\OneDrive\Desktop\Chuong 22 - Cac Thuat Toan Sap Xep\Cac Thuat Toan Sap Xep-VietNamSon\Sử dụng Đệ Quy\Debug\link.13912.read.1.tlog
C:\Users\VietNamSon\OneDrive\Desktop\Chuong 22 - Cac Thuat Toan Sap Xep\Cac Thuat Toan Sap Xep-VietNamSon\Sử dụng Đệ Quy\Debug\link.13912.write.1.tlog
C:\Users\VietNamSon\OneDrive\Desktop\Chuong 22 - Cac Thuat Toan Sap Xep\Cac Thuat Toan Sap Xep-VietNamSon\Sử dụng Đệ Quy\Debug\link.15336-cvtres.read.1.tlog
C:\Users\VietNamSon\OneDrive\Desktop\Chuong 22 - Cac Thuat Toan Sap Xep\Cac Thuat Toan Sap Xep-VietNamSon\Sử dụng Đệ Quy\Debug\link.15336-cvtres.write.1.tlog
C:\Users\VietNamSon\OneDrive\Desktop\Chuong 22 - Cac Thuat Toan Sap Xep\Cac Thuat Toan Sap Xep-VietNamSon\Sử dụng Đệ Quy\Debug\link.15336-rc.read.1.tlog
C:\Users\VietNamSon\OneDrive\Desktop\Chuong 22 - Cac Thuat Toan Sap Xep\Cac Thuat Toan Sap Xep-VietNamSon\Sử dụng Đệ Quy\Debug\link.15336-rc.write.1.tlog
C:\Users\VietNamSon\OneDrive\Desktop\Chuong 22 - Cac Thuat Toan Sap Xep\Cac Thuat Toan Sap Xep-VietNamSon\Sử dụng Đệ Quy\Debug\link.15336.read.1.tlog
C:\Users\VietNamSon\OneDrive\Desktop\Chuong 22 - Cac Thuat Toan Sap Xep\Cac Thuat Toan Sap Xep-VietNamSon\Sử dụng Đệ Quy\Debug\link.15336.write.1.tlog
C:\Users\VietNamSon\OneDrive\Desktop\Chuong 22 - Cac Thuat Toan Sap Xep\Cac Thuat Toan Sap Xep-VietNamSon\Sử dụng Đệ Quy\Debug\link.19876-cvtres.read.1.tlog
C:\Users\VietNamSon\OneDrive\Desktop\Chuong 22 - Cac Thuat Toan Sap Xep\Cac Thuat Toan Sap Xep-VietNamSon\Sử dụng Đệ Quy\Debug\link.19876-cvtres.write.1.tlog
C:\Users\VietNamSon\OneDrive\Desktop\Chuong 22 - Cac Thuat Toan Sap Xep\Cac Thuat Toan Sap Xep-VietNamSon\Sử dụng Đệ Quy\Debug\link.19876-rc.read.1.tlog
C:\Users\VietNamSon\OneDrive\Desktop\Chuong 22 - Cac Thuat Toan Sap Xep\Cac Thuat Toan Sap Xep-VietNamSon\Sử dụng Đệ Quy\Debug\link.19876-rc.write.1.tlog
C:\Users\VietNamSon\OneDrive\Desktop\Chuong 22 - Cac Thuat Toan Sap Xep\Cac Thuat Toan Sap Xep-VietNamSon\Sử dụng Đệ Quy\Debug\link.19876.read.1.tlog
C:\Users\VietNamSon\OneDrive\Desktop\Chuong 22 - Cac Thuat Toan Sap Xep\Cac Thuat Toan Sap Xep-VietNamSon\Sử dụng Đệ Quy\Debug\link.19876.write.1.tlog
C:\Users\VietNamSon\OneDrive\Desktop\Chuong 22 - Cac Thuat Toan Sap Xep\Cac Thuat Toan Sap Xep-VietNamSon\Sử dụng Đệ Quy\Debug\link.20816-cvtres.read.1.tlog
C:\Users\VietNamSon\OneDrive\Desktop\Chuong 22 - Cac Thuat Toan Sap Xep\Cac Thuat Toan Sap Xep-VietNamSon\Sử dụng Đệ Quy\Debug\link.20816-cvtres.write.1.tlog
C:\Users\VietNamSon\OneDrive\Desktop\Chuong 22 - Cac Thuat Toan Sap Xep\Cac Thuat Toan Sap Xep-VietNamSon\Sử dụng Đệ Quy\Debug\link.20816-rc.read.1.tlog
C:\Users\VietNamSon\OneDrive\Desktop\Chuong 22 - Cac Thuat Toan Sap Xep\Cac Thuat Toan Sap Xep-VietNamSon\Sử dụng Đệ Quy\Debug\link.20816-rc.write.1.tlog
C:\Users\VietNamSon\OneDrive\Desktop\Chuong 22 - Cac Thuat Toan Sap Xep\Cac Thuat Toan Sap Xep-VietNamSon\Sử dụng Đệ Quy\Debug\link.20816.read.1.tlog
C:\Users\VietNamSon\OneDrive\Desktop\Chuong 22 - Cac Thuat Toan Sap Xep\Cac Thuat Toan Sap Xep-VietNamSon\Sử dụng Đệ Quy\Debug\link.20816.write.1.tlog
C:\Users\VietNamSon\OneDrive\Desktop\Chuong 22 - Cac Thuat Toan Sap Xep\Cac Thuat Toan Sap Xep-VietNamSon\Sử dụng Đệ Quy\Debug\link.21132-cvtres.read.1.tlog
C:\Users\VietNamSon\OneDrive\Desktop\Chuong 22 - Cac Thuat Toan Sap Xep\Cac Thuat Toan Sap Xep-VietNamSon\Sử dụng Đệ Quy\Debug\link.21132-cvtres.write.1.tlog
C:\Users\VietNamSon\OneDrive\Desktop\Chuong 22 - Cac Thuat Toan Sap Xep\Cac Thuat Toan Sap Xep-VietNamSon\Sử dụng Đệ Quy\Debug\link.21132-rc.read.1.tlog
C:\Users\VietNamSon\OneDrive\Desktop\Chuong 22 - Cac Thuat Toan Sap Xep\Cac Thuat Toan Sap Xep-VietNamSon\Sử dụng Đệ Quy\Debug\link.21132-rc.write.1.tlog
C:\Users\VietNamSon\OneDrive\Desktop\Chuong 22 - Cac Thuat Toan Sap Xep\Cac Thuat Toan Sap Xep-VietNamSon\Sử dụng Đệ Quy\Debug\link.21132.read.1.tlog
C:\Users\VietNamSon\OneDrive\Desktop\Chuong 22 - Cac Thuat Toan Sap Xep\Cac Thuat Toan Sap Xep-VietNamSon\Sử dụng Đệ Quy\Debug\link.21132.write.1.tlog
C:\Users\VietNamSon\OneDrive\Desktop\Chuong 22 - Cac Thuat Toan Sap Xep\Cac Thuat Toan Sap Xep-VietNamSon\Sử dụng Đệ Quy\Debug\link.22116-cvtres.read.1.tlog
C:\Users\VietNamSon\OneDrive\Desktop\Chuong 22 - Cac Thuat Toan Sap Xep\Cac Thuat Toan Sap Xep-VietNamSon\Sử dụng Đệ Quy\Debug\link.22116-cvtres.write.1.tlog
C:\Users\VietNamSon\OneDrive\Desktop\Chuong 22 - Cac Thuat Toan Sap Xep\Cac Thuat Toan Sap Xep-VietNamSon\Sử dụng Đệ Quy\Debug\link.22116-rc.read.1.tlog
C:\Users\VietNamSon\OneDrive\Desktop\Chuong 22 - Cac Thuat Toan Sap Xep\Cac Thuat Toan Sap Xep-VietNamSon\Sử dụng Đệ Quy\Debug\link.22116-rc.write.1.tlog
C:\Users\VietNamSon\OneDrive\Desktop\Chuong 22 - Cac Thuat Toan Sap Xep\Cac Thuat Toan Sap Xep-VietNamSon\Sử dụng Đệ Quy\Debug\link.22116.read.1.tlog
C:\Users\VietNamSon\OneDrive\Desktop\Chuong 22 - Cac Thuat Toan Sap Xep\Cac Thuat Toan Sap Xep-VietNamSon\Sử dụng Đệ Quy\Debug\link.22116.write.1.tlog
C:\Users\VietNamSon\OneDrive\Desktop\Chuong 22 - Cac Thuat Toan Sap Xep\Cac Thuat Toan Sap Xep-VietNamSon\Sử dụng Đệ Quy\Debug\link.22336-cvtres.read.1.tlog
C:\Users\VietNamSon\OneDrive\Desktop\Chuong 22 - Cac Thuat Toan Sap Xep\Cac Thuat Toan Sap Xep-VietNamSon\Sử dụng Đệ Quy\Debug\link.22336-cvtres.write.1.tlog
C:\Users\VietNamSon\OneDrive\Desktop\Chuong 22 - Cac Thuat Toan Sap Xep\Cac Thuat Toan Sap Xep-VietNamSon\Sử dụng Đệ Quy\Debug\link.22336-rc.read.1.tlog
C:\Users\VietNamSon\OneDrive\Desktop\Chuong 22 - Cac Thuat Toan Sap Xep\Cac Thuat Toan Sap Xep-VietNamSon\Sử dụng Đệ Quy\Debug\link.22336-rc.write.1.tlog
C:\Users\VietNamSon\OneDrive\Desktop\Chuong 22 - Cac Thuat Toan Sap Xep\Cac Thuat Toan Sap Xep-VietNamSon\Sử dụng Đệ Quy\Debug\link.22336.read.1.tlog
C:\Users\VietNamSon\OneDrive\Desktop\Chuong 22 - Cac Thuat Toan Sap Xep\Cac Thuat Toan Sap Xep-VietNamSon\Sử dụng Đệ Quy\Debug\link.22336.write.1.tlog
C:\Users\VietNamSon\OneDrive\Desktop\Chuong 22 - Cac Thuat Toan Sap Xep\Cac Thuat Toan Sap Xep-VietNamSon\Sử dụng Đệ Quy\Debug\link.4568-cvtres.read.1.tlog
C:\Users\VietNamSon\OneDrive\Desktop\Chuong 22 - Cac Thuat Toan Sap Xep\Cac Thuat Toan Sap Xep-VietNamSon\Sử dụng Đệ Quy\Debug\link.4568-cvtres.write.1.tlog
C:\Users\VietNamSon\OneDrive\Desktop\Chuong 22 - Cac Thuat Toan Sap Xep\Cac Thuat Toan Sap Xep-VietNamSon\Sử dụng Đệ Quy\Debug\link.4568-rc.read.1.tlog
C:\Users\VietNamSon\OneDrive\Desktop\Chuong 22 - Cac Thuat Toan Sap Xep\Cac Thuat Toan Sap Xep-VietNamSon\Sử dụng Đệ Quy\Debug\link.4568-rc.write.1.tlog
C:\Users\VietNamSon\OneDrive\Desktop\Chuong 22 - Cac Thuat Toan Sap Xep\Cac Thuat Toan Sap Xep-VietNamSon\Sử dụng Đệ Quy\Debug\link.4568.read.1.tlog
C:\Users\VietNamSon\OneDrive\Desktop\Chuong 22 - Cac Thuat Toan Sap Xep\Cac Thuat Toan Sap Xep-VietNamSon\Sử dụng Đệ Quy\Debug\link.4568.write.1.tlog
C:\Users\VietNamSon\OneDrive\Desktop\Chuong 22 - Cac Thuat Toan Sap Xep\Cac Thuat Toan Sap Xep-VietNamSon\Sử dụng Đệ Quy\Debug\link.7356-cvtres.read.1.tlog
C:\Users\VietNamSon\OneDrive\Desktop\Chuong 22 - Cac Thuat Toan Sap Xep\Cac Thuat Toan Sap Xep-VietNamSon\Sử dụng Đệ Quy\Debug\link.7356-cvtres.write.1.tlog
C:\Users\VietNamSon\OneDrive\Desktop\Chuong 22 - Cac Thuat Toan Sap Xep\Cac Thuat Toan Sap Xep-VietNamSon\Sử dụng Đệ Quy\Debug\link.7356-rc.read.1.tlog
C:\Users\VietNamSon\OneDrive\Desktop\Chuong 22 - Cac Thuat Toan Sap Xep\Cac Thuat Toan Sap Xep-VietNamSon\Sử dụng Đệ Quy\Debug\link.7356-rc.write.1.tlog
C:\Users\VietNamSon\OneDrive\Desktop\Chuong 22 - Cac Thuat Toan Sap Xep\Cac Thuat Toan Sap Xep-VietNamSon\Sử dụng Đệ Quy\Debug\link.7356.read.1.tlog
C:\Users\VietNamSon\OneDrive\Desktop\Chuong 22 - Cac Thuat Toan Sap Xep\Cac Thuat Toan Sap Xep-VietNamSon\Sử dụng Đệ Quy\Debug\link.7356.write.1.tlog
C:\Users\VietNamSon\OneDrive\Desktop\Chuong 22 - Cac Thuat Toan Sap Xep\Cac Thuat Toan Sap Xep-VietNamSon\Sử dụng Đệ Quy\Debug\link.8028-cvtres.read.1.tlog
C:\Users\VietNamSon\OneDrive\Desktop\Chuong 22 - Cac Thuat Toan Sap Xep\Cac Thuat Toan Sap Xep-VietNamSon\Sử dụng Đệ Quy\Debug\link.8028-cvtres.write.1.tlog
C:\Users\VietNamSon\OneDrive\Desktop\Chuong 22 - Cac Thuat Toan Sap Xep\Cac Thuat Toan Sap Xep-VietNamSon\Sử dụng Đệ Quy\Debug\link.8028-rc.read.1.tlog
C:\Users\VietNamSon\OneDrive\Desktop\Chuong 22 - Cac Thuat Toan Sap Xep\Cac Thuat Toan Sap Xep-VietNamSon\Sử dụng Đệ Quy\Debug\link.8028-rc.write.1.tlog
C:\Users\VietNamSon\OneDrive\Desktop\Chuong 22 - Cac Thuat Toan Sap Xep\Cac Thuat Toan Sap Xep-VietNamSon\Sử dụng Đệ Quy\Debug\link.8028.read.1.tlog
C:\Users\VietNamSon\OneDrive\Desktop\Chuong 22 - Cac Thuat Toan Sap Xep\Cac Thuat Toan Sap Xep-VietNamSon\Sử dụng Đệ Quy\Debug\link.8028.write.1.tlog
C:\Users\VietNamSon\OneDrive\Desktop\Chuong 22 - Cac Thuat Toan Sap Xep\Cac Thuat Toan Sap Xep-VietNamSon\Sử dụng Đệ Quy\Debug\link.command.1.tlog
C:\Users\VietNamSon\OneDrive\Desktop\Chuong 22 - Cac Thuat Toan Sap Xep\Cac Thuat Toan Sap Xep-VietNamSon\Sử dụng Đệ Quy\Debug\link.read.1.tlog
C:\Users\VietNamSon\OneDrive\Desktop\Chuong 22 - Cac Thuat Toan Sap Xep\Cac Thuat Toan Sap Xep-VietNamSon\Sử dụng Đệ Quy\Debug\link.write.1.tlog
C:\Users\VietNamSon\OneDrive\Desktop\Chuong 22 - Cac Thuat Toan Sap Xep\Cac Thuat Toan Sap Xep-VietNamSon\Sử dụng Đệ Quy\Debug\vc110.idb
C:\Users\VietNamSon\OneDrive\Desktop\Chuong 22 - Cac Thuat Toan Sap Xep\Cac Thuat Toan Sap Xep-VietNamSon\Sử dụng Đệ Quy\Debug\vc110.pdb
C:\Users\VietNamSon\OneDrive\Desktop\Chuong 22 - Cac Thuat Toan Sap Xep\Cac Thuat Toan Sap Xep-VietNamSon\Debug\Sử dụng Đệ Quy.pdb
C:\Users\VietNamSon\OneDrive\Desktop\Chuong 22 - Cac Thuat Toan Sap Xep\Cac Thuat Toan Sap Xep-VietNamSon\Debug\Sử dụng Đệ Quy.exe
C:\Users\VietNamSon\OneDrive\Desktop\Chuong 22 - Cac Thuat Toan Sap Xep\Cac Thuat Toan Sap Xep-VietNamSon\Debug\Sử dụng Đệ Quy.ilk
