C:\USERS\VIETNAMSON\ONEDRIVE\DESKTOP\CHUONG 22 - CAC THUAT TOAN SAP XEP\CAC THUAT TOAN SAP XEP\SELECTION SORT\DEBUG\SOURCE.OBJ
C:\USERS\VIETNAMSON\ONEDRIVE\DESKTOP\CHUONG 22 - CAC THUAT TOAN SAP XEP\CAC THUAT TOAN SAP XEP\SELECTION SORT\DEBUG\VC110.PDB
C:\USERS\VIETNAMSON\ONEDRIVE\DESKTOP\CHUONG 22 - CAC THUAT TOAN SAP XEP\CAC THUAT TOAN SAP XEP-VIETNAMSON\SELECTION SORT\DEBUG\SOURCE.OBJ
C:\USERS\VIETNAMSON\ONEDRIVE\DESKTOP\CHUONG 22 - CAC THUAT TOAN SAP XEP\CAC THUAT TOAN SAP XEP-VIETNAMSON\SELECTION SORT\DEBUG\VC110.PDB
C:\USERS\VIETNAMSON\ONEDRIVE\DESKTOP\CHUONG 22 - CAC THUAT TOAN SAP XEP\CAC THUAT TOAN SAP XEP\DEBUG\SELECTION SORT.ILK
C:\USERS\VIETNAMSON\ONEDRIVE\DESKTOP\CHUONG 22 - CAC THUAT TOAN SAP XEP\CAC THUAT TOAN SAP XEP\DEBUG\SELECTION SORT.EXE
C:\USERS\VIETNAMSON\ONEDRIVE\DESKTOP\CHUONG 22 - CAC THUAT TOAN SAP XEP\CAC THUAT TOAN SAP XEP\DEBUG\SELECTION SORT.PDB
C:\USERS\VIETNAMSON\ONEDRIVE\DESKTOP\CHUONG 22 - CAC THUAT TOAN SAP XEP\CAC THUAT TOAN SAP XEP-VIETNAMSON\DEBUG\SELECTION SORT.ILK
C:\USERS\VIETNAMSON\ONEDRIVE\DESKTOP\CHUONG 22 - CAC THUAT TOAN SAP XEP\CAC THUAT TOAN SAP XEP-VIETNAMSON\DEBUG\SELECTION SORT.EXE
C:\USERS\VIETNAMSON\ONEDRIVE\DESKTOP\CHUONG 22 - CAC THUAT TOAN SAP XEP\CAC THUAT TOAN SAP XEP-VIETNAMSON\DEBUG\SELECTION SORT.PDB
C:\Users\VietNamSon\OneDrive\Desktop\Chuong 22 - Cac Thuat Toan Sap Xep\Cac Thuat Toan Sap Xep-VietNamSon\Selection Sort\Debug\Source.obj
C:\Users\VietNamSon\OneDrive\Desktop\Chuong 22 - Cac Thuat Toan Sap Xep\Cac Thuat Toan Sap Xep-VietNamSon\Selection Sort\Debug\cl.command.1.tlog
C:\Users\VietNamSon\OneDrive\Desktop\Chuong 22 - Cac Thuat Toan Sap Xep\Cac Thuat Toan Sap Xep-VietNamSon\Selection Sort\Debug\CL.read.1.tlog
C:\Users\VietNamSon\OneDrive\Desktop\Chuong 22 - Cac Thuat Toan Sap Xep\Cac Thuat Toan Sap Xep-VietNamSon\Selection Sort\Debug\CL.write.1.tlog
C:\Users\VietNamSon\OneDrive\Desktop\Chuong 22 - Cac Thuat Toan Sap Xep\Cac Thuat Toan Sap Xep-VietNamSon\Selection Sort\Debug\link-cvtres.read.1.tlog
C:\Users\VietNamSon\OneDrive\Desktop\Chuong 22 - Cac Thuat Toan Sap Xep\Cac Thuat Toan Sap Xep-VietNamSon\Selection Sort\Debug\link-cvtres.write.1.tlog
C:\Users\VietNamSon\OneDrive\Desktop\Chuong 22 - Cac Thuat Toan Sap Xep\Cac Thuat Toan Sap Xep-VietNamSon\Selection Sort\Debug\link-rc.read.1.tlog
C:\Users\VietNamSon\OneDrive\Desktop\Chuong 22 - Cac Thuat Toan Sap Xep\Cac Thuat Toan Sap Xep-VietNamSon\Selection Sort\Debug\link-rc.write.1.tlog
C:\Users\VietNamSon\OneDrive\Desktop\Chuong 22 - Cac Thuat Toan Sap Xep\Cac Thuat Toan Sap Xep-VietNamSon\Selection Sort\Debug\link.10772-cvtres.read.1.tlog
C:\Users\VietNamSon\OneDrive\Desktop\Chuong 22 - Cac Thuat Toan Sap Xep\Cac Thuat Toan Sap Xep-VietNamSon\Selection Sort\Debug\link.10772-cvtres.write.1.tlog
C:\Users\VietNamSon\OneDrive\Desktop\Chuong 22 - Cac Thuat Toan Sap Xep\Cac Thuat Toan Sap Xep-VietNamSon\Selection Sort\Debug\link.10772-rc.read.1.tlog
C:\Users\VietNamSon\OneDrive\Desktop\Chuong 22 - Cac Thuat Toan Sap Xep\Cac Thuat Toan Sap Xep-VietNamSon\Selection Sort\Debug\link.10772-rc.write.1.tlog
C:\Users\VietNamSon\OneDrive\Desktop\Chuong 22 - Cac Thuat Toan Sap Xep\Cac Thuat Toan Sap Xep-VietNamSon\Selection Sort\Debug\link.10772.read.1.tlog
C:\Users\VietNamSon\OneDrive\Desktop\Chuong 22 - Cac Thuat Toan Sap Xep\Cac Thuat Toan Sap Xep-VietNamSon\Selection Sort\Debug\link.10772.write.1.tlog
C:\Users\VietNamSon\OneDrive\Desktop\Chuong 22 - Cac Thuat Toan Sap Xep\Cac Thuat Toan Sap Xep-VietNamSon\Selection Sort\Debug\link.13868-cvtres.read.1.tlog
C:\Users\VietNamSon\OneDrive\Desktop\Chuong 22 - Cac Thuat Toan Sap Xep\Cac Thuat Toan Sap Xep-VietNamSon\Selection Sort\Debug\link.13868-cvtres.write.1.tlog
C:\Users\VietNamSon\OneDrive\Desktop\Chuong 22 - Cac Thuat Toan Sap Xep\Cac Thuat Toan Sap Xep-VietNamSon\Selection Sort\Debug\link.13868-rc.read.1.tlog
C:\Users\VietNamSon\OneDrive\Desktop\Chuong 22 - Cac Thuat Toan Sap Xep\Cac Thuat Toan Sap Xep-VietNamSon\Selection Sort\Debug\link.13868-rc.write.1.tlog
C:\Users\VietNamSon\OneDrive\Desktop\Chuong 22 - Cac Thuat Toan Sap Xep\Cac Thuat Toan Sap Xep-VietNamSon\Selection Sort\Debug\link.13868.read.1.tlog
C:\Users\VietNamSon\OneDrive\Desktop\Chuong 22 - Cac Thuat Toan Sap Xep\Cac Thuat Toan Sap Xep-VietNamSon\Selection Sort\Debug\link.13868.write.1.tlog
C:\Users\VietNamSon\OneDrive\Desktop\Chuong 22 - Cac Thuat Toan Sap Xep\Cac Thuat Toan Sap Xep-VietNamSon\Selection Sort\Debug\link.command.1.tlog
C:\Users\VietNamSon\OneDrive\Desktop\Chuong 22 - Cac Thuat Toan Sap Xep\Cac Thuat Toan Sap Xep-VietNamSon\Selection Sort\Debug\link.read.1.tlog
C:\Users\VietNamSon\OneDrive\Desktop\Chuong 22 - Cac Thuat Toan Sap Xep\Cac Thuat Toan Sap Xep-VietNamSon\Selection Sort\Debug\link.write.1.tlog
C:\Users\VietNamSon\OneDrive\Desktop\Chuong 22 - Cac Thuat Toan Sap Xep\Cac Thuat Toan Sap Xep-VietNamSon\Selection Sort\Debug\vc110.idb
C:\Users\VietNamSon\OneDrive\Desktop\Chuong 22 - Cac Thuat Toan Sap Xep\Cac Thuat Toan Sap Xep-VietNamSon\Selection Sort\Debug\vc110.pdb
