C:\USERS\VIETNAMSON\ONEDRIVE\DESKTOP\CHUONG 22 - CAC THUAT TOAN SAP XEP\CAC THUAT TOAN SAP XEP-VIETNAMSON\TíNH ổN địNH CủA THUậT TOáN\DEBUG\SOURCE.OBJ
C:\USERS\VIETNAMSON\ONEDRIVE\DESKTOP\CHUONG 22 - CAC THUAT TOAN SAP XEP\CAC THUAT TOAN SAP XEP-VIETNAMSON\TÍNH ỔN ĐỊNH CỦA THUẬT TOÁN\DEBUG\VC110.PDB
E:\CHUONG 22 - CAC THUAT TOAN SAP XEP\CAC THUAT TOAN SAP XEP-VIETNAMSON\TíNH ổN địNH CủA THUậT TOáN\DEBUG\SOURCE.OBJ
E:\CHUONG 22 - CAC THUAT TOAN SAP XEP\CAC THUAT TOAN SAP XEP-VIETNAMSON\TÍNH ỔN ĐỊNH CỦA THUẬT TOÁN\DEBUG\VC110.PDB
C:\USERS\VIETNAMSON\ONEDRIVE\DESKTOP\CHUONG 22 - CAC THUAT TOAN SAP XEP\CAC THUAT TOAN SAP XEP-VIETNAMSON\DEBUG\TíNH ổN địNH CủA THUậT TOáN.ILK
C:\USERS\VIETNAMSON\ONEDRIVE\DESKTOP\CHUONG 22 - CAC THUAT TOAN SAP XEP\CAC THUAT TOAN SAP XEP-VIETNAMSON\DEBUG\TíNH ổN địNH CủA THUậT TOáN.EXE
C:\USERS\VIETNAMSON\ONEDRIVE\DESKTOP\CHUONG 22 - CAC THUAT TOAN SAP XEP\CAC THUAT TOAN SAP XEP-VIETNAMSON\DEBUG\TÍNH ỔN ĐỊNH CỦA THUẬT TOÁN.PDB
E:\CHUONG 22 - CAC THUAT TOAN SAP XEP\CAC THUAT TOAN SAP XEP-VIETNAMSON\DEBUG\TíNH ổN địNH CủA THUậT TOáN.ILK
E:\CHUONG 22 - CAC THUAT TOAN SAP XEP\CAC THUAT TOAN SAP XEP-VIETNAMSON\DEBUG\TíNH ổN địNH CủA THUậT TOáN.EXE
E:\CHUONG 22 - CAC THUAT TOAN SAP XEP\CAC THUAT TOAN SAP XEP-VIETNAMSON\DEBUG\TÍNH ỔN ĐỊNH CỦA THUẬT TOÁN.PDB
C:\Users\VietNamSon\OneDrive\Desktop\Chuong 22 - Cac Thuat Toan Sap Xep\Cac Thuat Toan Sap Xep-VietNamSon\Tính ổn định của thuật toán\Debug\Source.obj
C:\Users\VietNamSon\OneDrive\Desktop\Chuong 22 - Cac Thuat Toan Sap Xep\Cac Thuat Toan Sap Xep-VietNamSon\Tính ổn định của thuật toán\Debug\cl.command.1.tlog
C:\Users\VietNamSon\OneDrive\Desktop\Chuong 22 - Cac Thuat Toan Sap Xep\Cac Thuat Toan Sap Xep-VietNamSon\Tính ổn định của thuật toán\Debug\CL.read.1.tlog
C:\Users\VietNamSon\OneDrive\Desktop\Chuong 22 - Cac Thuat Toan Sap Xep\Cac Thuat Toan Sap Xep-VietNamSon\Tính ổn định của thuật toán\Debug\CL.write.1.tlog
C:\Users\VietNamSon\OneDrive\Desktop\Chuong 22 - Cac Thuat Toan Sap Xep\Cac Thuat Toan Sap Xep-VietNamSon\Tính ổn định của thuật toán\Debug\link-cvtres.read.1.tlog
C:\Users\VietNamSon\OneDrive\Desktop\Chuong 22 - Cac Thuat Toan Sap Xep\Cac Thuat Toan Sap Xep-VietNamSon\Tính ổn định của thuật toán\Debug\link-cvtres.write.1.tlog
C:\Users\VietNamSon\OneDrive\Desktop\Chuong 22 - Cac Thuat Toan Sap Xep\Cac Thuat Toan Sap Xep-VietNamSon\Tính ổn định của thuật toán\Debug\link-rc.read.1.tlog
C:\Users\VietNamSon\OneDrive\Desktop\Chuong 22 - Cac Thuat Toan Sap Xep\Cac Thuat Toan Sap Xep-VietNamSon\Tính ổn định của thuật toán\Debug\link-rc.write.1.tlog
C:\Users\VietNamSon\OneDrive\Desktop\Chuong 22 - Cac Thuat Toan Sap Xep\Cac Thuat Toan Sap Xep-VietNamSon\Tính ổn định của thuật toán\Debug\link.18852-cvtres.read.1.tlog
C:\Users\VietNamSon\OneDrive\Desktop\Chuong 22 - Cac Thuat Toan Sap Xep\Cac Thuat Toan Sap Xep-VietNamSon\Tính ổn định của thuật toán\Debug\link.18852-cvtres.write.1.tlog
C:\Users\VietNamSon\OneDrive\Desktop\Chuong 22 - Cac Thuat Toan Sap Xep\Cac Thuat Toan Sap Xep-VietNamSon\Tính ổn định của thuật toán\Debug\link.18852-rc.read.1.tlog
C:\Users\VietNamSon\OneDrive\Desktop\Chuong 22 - Cac Thuat Toan Sap Xep\Cac Thuat Toan Sap Xep-VietNamSon\Tính ổn định của thuật toán\Debug\link.18852-rc.write.1.tlog
C:\Users\VietNamSon\OneDrive\Desktop\Chuong 22 - Cac Thuat Toan Sap Xep\Cac Thuat Toan Sap Xep-VietNamSon\Tính ổn định của thuật toán\Debug\link.18852.read.1.tlog
C:\Users\VietNamSon\OneDrive\Desktop\Chuong 22 - Cac Thuat Toan Sap Xep\Cac Thuat Toan Sap Xep-VietNamSon\Tính ổn định của thuật toán\Debug\link.18852.write.1.tlog
C:\Users\VietNamSon\OneDrive\Desktop\Chuong 22 - Cac Thuat Toan Sap Xep\Cac Thuat Toan Sap Xep-VietNamSon\Tính ổn định của thuật toán\Debug\link.command.1.tlog
C:\Users\VietNamSon\OneDrive\Desktop\Chuong 22 - Cac Thuat Toan Sap Xep\Cac Thuat Toan Sap Xep-VietNamSon\Tính ổn định của thuật toán\Debug\link.read.1.tlog
C:\Users\VietNamSon\OneDrive\Desktop\Chuong 22 - Cac Thuat Toan Sap Xep\Cac Thuat Toan Sap Xep-VietNamSon\Tính ổn định của thuật toán\Debug\link.write.1.tlog
C:\Users\VietNamSon\OneDrive\Desktop\Chuong 22 - Cac Thuat Toan Sap Xep\Cac Thuat Toan Sap Xep-VietNamSon\Tính ổn định của thuật toán\Debug\vc110.idb
C:\Users\VietNamSon\OneDrive\Desktop\Chuong 22 - Cac Thuat Toan Sap Xep\Cac Thuat Toan Sap Xep-VietNamSon\Tính ổn định của thuật toán\Debug\vc110.pdb
C:\Users\VietNamSon\OneDrive\Desktop\Chuong 22 - Cac Thuat Toan Sap Xep\Cac Thuat Toan Sap Xep-VietNamSon\Debug\Tính ổn định của thuật toán.pdb
C:\Users\VietNamSon\OneDrive\Desktop\Chuong 22 - Cac Thuat Toan Sap Xep\Cac Thuat Toan Sap Xep-VietNamSon\Debug\Tính ổn định của thuật toán.exe
C:\Users\VietNamSon\OneDrive\Desktop\Chuong 22 - Cac Thuat Toan Sap Xep\Cac Thuat Toan Sap Xep-VietNamSon\Debug\Tính ổn định của thuật toán.ilk
